app/build/outputs/mapping/release/seeds.txt
com.safestwallet.sw.ui.whitelist.WhitelistFragment
com.safestwallet.sw.MainActivity
com.safestwallet.sw.data.AppDatabase_Impl
com.safestwallet.sw.ui.wallet.WalletFragment
com.safestwallet.sw.SafestWalletApplication
com.safestwallet.sw.data.AppDatabase
com.safestwallet.sw.ui.home.HomeFragment
com.safestwallet.sw.viewmodels.WhitelistViewModel$OperationStatus: com.safestwallet.sw.viewmodels.WhitelistViewModel$OperationStatus valueOf(java.lang.String)
com.safestwallet.sw.ui.whitelist.WhitelistFragment: WhitelistFragment()
com.safestwallet.sw.ui.home.HomeFragment: HomeFragment()
com.safestwallet.sw.viewmodels.WalletViewModel$OperationStatus: com.safestwallet.sw.viewmodels.WalletViewModel$OperationStatus valueOf(java.lang.String)
com.safestwallet.sw.viewmodels.WalletViewModel$OperationStatus: com.safestwallet.sw.viewmodels.WalletViewModel$OperationStatus[] values()
com.safestwallet.sw.MainActivity: MainActivity()
com.safestwallet.sw.data.AppDatabase: AppDatabase()
com.safestwallet.sw.ui.wallet.WalletFragment: WalletFragment()
com.safestwallet.sw.viewmodels.WhitelistViewModel: WhitelistViewModel(android.app.Application)
com.safestwallet.sw.viewmodels.WhitelistViewModel$OperationStatus: com.safestwallet.sw.viewmodels.WhitelistViewModel$OperationStatus[] values()
com.safestwallet.sw.SafestWalletApplication: SafestWalletApplication()
com.safestwallet.sw.data.AppDatabase_Impl: AppDatabase_Impl()
com.safestwallet.sw.viewmodels.WalletViewModel: WalletViewModel(android.app.Application)
...
androidx.constraintlayout.motion.utils.ViewSpline$PathRotate: ViewSpline$PathRotate()
androidx.core.widget.NestedScrollView: void setFillViewport(boolean)
androidx.appcompat.widget.ActionBarOverlayLayout: void setWindowTitle(java.lang.CharSequence)
androidx.constraintlayout.helper.widget.Flow: void setFirstHorizontalStyle(int)
com.google.android.material.chip.Chip: void setTextStartPaddingResource(int)
androidx.cardview.widget.CardView: float getMaxCardElevation()
androidx.core.graphics.drawable.DrawableCompat$Api21Impl: void setTintMode(android.graphics.drawable.Drawable,android.graphics.PorterDuff$Mode)
com.google.android.material.floatingactionbutton.FloatingActionButton: void setSize(int)
com.google.android.material.navigation.NavigationBarPresenter$SavedState: NavigationBarPresenter$SavedState()
androidx.appcompat.widget.Toolbar: void setContentInsetStartWithNavigation(int)
com.google.android.material.floatingactionbutton.FloatingActionButton: com.google.android.material.floatingactionbutton.FloatingActionButtonImpl getImpl()
com.google.gson.JsonArray: JsonArray()
com.google.android.material.navigation.NavigationBarView: int getItemActiveIndicatorHeight()
androidx.vectordrawable.graphics.drawable.VectorDrawableCompat$VGroup: void setScaleX(float)
com.google.android.material.textfield.TextInputLayout: void setCounterOverflowTextColor(android.content.res.ColorStateList)
com.google.android.material.chip.Chip: void setCheckedIconVisible(int)
kotlin.reflect.jvm.internal.impl.types.WrappedType: WrappedType()
com.google.android.material.navigation.NavigationBarView: void setItemRippleColor(android.content.res.ColorStateList)
kotlin.reflect.jvm.internal.impl.builtins.functions.FunctionClassKind: kotlin.reflect.jvm.internal.impl.builtins.functions.FunctionClassKind[] values()
com.google.android.material.textfield.TextInputLayout: void setBoxCornerFamily(int)
kotlin.reflect.jvm.internal.impl.load.java.ReportLevel: kotlin.reflect.jvm.internal.impl.load.java.ReportLevel[] values()
com.google.android.material.bottomappbar.BottomAppBar: void setNavigationIcon(android.graphics.drawable.Drawable)
kotlin.reflect.jvm.internal.impl.resolve.scopes.AbstractScopeAdapter: AbstractScopeAdapter()
com.google.android.material.chip.Chip: void setOnCheckedChangeListener(android.widget.CompoundButton$OnCheckedChangeListener)
androidx.vectordrawable.graphics.drawable.VectorDrawableCompat$VFullPath: void setStrokeAlpha(float)
com.google.android.material.internal.ForegroundLinearLayout: int getForegroundGravity()
kotlin.reflect.jvm.internal.impl.load.java.typeEnhancement.MutabilityQualifier: kotlin.reflect.jvm.internal.impl.load.java.typeEnhancement.MutabilityQualifier[] values()
com.google.android.material.search.SearchBar: void setNavigationOnClickListener(android.view.View$OnClickListener)
kotlin.reflect.jvm.internal.impl.metadata.jvm.deserialization.JvmMemberSignature: JvmMemberSignature()
androidx.constraintlayout.helper.widget.Flow: void setPaddingBottom(int)
androidx.appcompat.widget.AppCompatAutoCompleteTextView: void setSupportBackgroundTintList(android.content.res.ColorStateList)
androidx.appcompat.widget.AppCompatTextView: void setLineHeight(int)
androidx.core.view.ViewCompat$Api24Impl: void cancelDragAndDrop(android.view.View)
androidx.constraintlayout.helper.widget.Flow: void setWrapMode(int)
com.google.android.material.internal.NavigationMenuItemView: void setTitle(java.lang.CharSequence)
com.google.android.material.internal.CheckableImageButton: void setChecked(boolean)
kotlin.reflect.jvm.internal.impl.types.TypeCheckerState$LowerCapturedTypePolicy: kotlin.reflect.jvm.internal.impl.types.TypeCheckerState$LowerCapturedTypePolicy valueOf(java.lang.String)
androidx.appcompat.widget.ActionMenuView: int getPopupTheme()
com.google.android.material.navigation.NavigationBarMenuView: android.content.res.ColorStateList getItemRippleColor()
com.google.gson.FieldNamingPolicy: com.google.gson.FieldNamingPolicy valueOf(java.lang.String)