app/build/outputs/mapping/release/mapping.txt
# compiler: R8
# compiler_version: 4.0.52
# min_api: 26
# common_typos_disable
# {"id":"com.android.tools.r8.mapping","version":"2.1"}
# pg_map_id: 377a075
# pg_map_hash: SHA-256 377a075e6a61d90301121f51e8183366b8c3ae680e30292454f5f4c9d2af8edc
com.safestwallet.sw.MainActivity -> com.safestwallet.sw.MainActivity:
    int $r8$clinit -> y
    23:24:androidx.navigation.NavController androidx.navigation.Navigation.findNavController(android.app.Activity,int):0:0 -> onCreate
    23:24:androidx.navigation.NavController androidx.navigation.ActivityKt.findNavController(android.app.Activity,int):0 -> onCreate
    23:24:void onCreate(android.os.Bundle):0 -> onCreate
    25:48:android.view.View androidx.core.app.ActivityCompat.requireViewById(android.app.Activity,int):0:0 -> onCreate
    25:48:androidx.navigation.NavController androidx.navigation.Navigation.findNavController(android.app.Activity,int):0 -> onCreate
    25:48:androidx.navigation.NavController androidx.navigation.ActivityKt.findNavController(android.app.Activity,int):0 -> onCreate
    25:48:void onCreate(android.os.Bundle):0 -> onCreate
    49:51:androidx.navigation.NavController androidx.navigation.Navigation.findNavController(android.app.Activity,int):0:0 -> onCreate
    49:51:androidx.navigation.NavController androidx.navigation.ActivityKt.findNavController(android.app.Activity,int):0 -> onCreate
    49:51:void onCreate(android.os.Bundle):0 -> onCreate
    52:77:androidx.navigation.NavController androidx.navigation.Navigation.findViewNavController(android.view.View):0:0 -> onCreate
    52:77:androidx.navigation.NavController androidx.navigation.Navigation.findNavController(android.app.Activity,int):0 -> onCreate
com.safestwallet.sw.MainActivity$$ExternalSyntheticLambda0 -> f3.a:
# {"id":"sourceFile","fileName":"R8$$SyntheticClass"}
# {"id":"com.android.tools.r8.synthesized"}
    java.util.List com.safestwallet.sw.MainActivity$$InternalSyntheticLambda$1$661eeccf044ddb983d72c916e78e29bd7dca7082cd01d947e8faa81f9d1e7017$0.f$1 -> e
    com.safestwallet.sw.MainActivity com.safestwallet.sw.MainActivity$$InternalSyntheticLambda$1$661eeccf044ddb983d72c916e78e29bd7dca7082cd01d947e8faa81f9d1e7017$0.f$0 -> d
    int com.safestwallet.sw.MainActivity$$InternalSyntheticLambda$1$661eeccf044ddb983d72c916e78e29bd7dca7082cd01d947e8faa81f9d1e7017$0.$r8$classId -> c
    0:9:void com.safestwallet.sw.MainActivity$$InternalSyntheticLambda$1$661eeccf044ddb983d72c916e78e29bd7dca7082cd01d947e8faa81f9d1e7017$0.<init>(com.safestwallet.sw.MainActivity,java.util.List):0:0 -> <init>
    0:9:void com.safestwallet.sw.MainActivity$$InternalSyntheticLambda$1$661eeccf044ddb983d72c916e78e29bd7dca7082cd01d947e8faa81f9d1e7017$0.$r8$init$synthetic(java.lang.Object,java.lang.Object,int):0 -> <init>
      # {"id":"com.android.tools.r8.synthesized"}
    18:33:void com.safestwallet.sw.MainActivity.showLogsDialog$lambda$0(com.safestwallet.sw.MainActivity,java.util.List,android.content.DialogInterface,int):0:0 -> onClick
    18:33:void com.safestwallet.sw.MainActivity$$InternalSyntheticLambda$1$661eeccf044ddb983d72c916e78e29bd7dca7082cd01d947e8faa81f9d1e7017$0.onClick$bridge(android.content.DialogInterface,int):0 -> onClick
com.safestwallet.sw.MainActivity$inlined$sam$i$androidx_navigation_ui_AppBarConfiguration_OnNavigateUpListener$0 -> f3.b:
    kotlin.Function getFunctionDelegate() -> a
com.safestwallet.sw.MainActivity$onCreate$$inlined$AppBarConfiguration$default$1 -> com.safestwallet.sw.MainActivity$a:
    com.safestwallet.sw.MainActivity$onCreate$$inlined$AppBarConfiguration$default$1 INSTANCE -> d
    0:2:java.lang.Boolean invoke():0:0 -> f
    0:2:java.lang.Object invoke():0 -> f
...
kotlin.reflect.jvm.internal.impl.load.kotlin.KotlinClassFinder -> g5.n:
    kotlin.reflect.jvm.internal.impl.load.kotlin.KotlinClassFinder$Result findKotlinClassOrContent(kotlin.reflect.jvm.internal.impl.load.java.structure.JavaClass) -> a
    kotlin.reflect.jvm.internal.impl.load.kotlin.KotlinClassFinder$Result findKotlinClassOrContent(kotlin.reflect.jvm.internal.impl.name.ClassId) -> c
kotlin.reflect.jvm.internal.impl.load.kotlin.KotlinClassFinder$Result -> g5.n$a:
kotlin.reflect.jvm.internal.impl.load.kotlin.KotlinClassFinder$Result$ClassFileContent -> g5.n$a$a:
kotlin.reflect.jvm.internal.impl.load.kotlin.KotlinClassFinder$Result$KotlinClass -> g5.n$a$b:
    kotlin.reflect.jvm.internal.impl.load.kotlin.KotlinJvmBinaryClass kotlinJvmBinaryClass -> a
    0:2:void kotlin.reflect.jvm.internal.impl.load.kotlin.KotlinClassFinder$Result.<init>(kotlin.jvm.internal.DefaultConstructorMarker):0:0 -> <init>
    0:2:void kotlin.reflect.jvm.internal.impl.load.kotlin.KotlinClassFinder$Result$KotlinClass.<init>(kotlin.reflect.jvm.internal.impl.load.kotlin.KotlinJvmBinaryClass,byte[]):0 -> <init>
    0:2:void <init>(kotlin.reflect.jvm.internal.impl.load.kotlin.KotlinJvmBinaryClass,byte[],int,kotlin.jvm.internal.DefaultConstructorMarker):0 -> <init>
    3:5:void kotlin.reflect.jvm.internal.impl.load.kotlin.KotlinClassFinder$Result$KotlinClass.<init>(kotlin.reflect.jvm.internal.impl.load.kotlin.KotlinJvmBinaryClass,byte[]):0:0 -> <init>
    3:5:void <init>(kotlin.reflect.jvm.internal.impl.load.kotlin.KotlinJvmBinaryClass,byte[],int,kotlin.jvm.internal.DefaultConstructorMarker):0 -> <init>
kotlin.reflect.jvm.internal.impl.load.kotlin.KotlinJvmBinaryClass -> g5.o:
    kotlin.reflect.jvm.internal.impl.load.kotlin.header.KotlinClassHeader getClassHeader() -> a
    void loadClassAnnotations(kotlin.reflect.jvm.internal.impl.load.kotlin.KotlinJvmBinaryClass$AnnotationVisitor,byte[]) -> b
    void visitMembers(kotlin.reflect.jvm.internal.impl.load.kotlin.KotlinJvmBinaryClass$MemberVisitor,byte[]) -> c
    kotlin.reflect.jvm.internal.impl.name.ClassId getClassId() -> d
    java.lang.String getLocation() -> e
kotlin.reflect.jvm.internal.impl.load.kotlin.KotlinJvmBinaryClass$AnnotationArgumentVisitor -> g5.o$a:
    void visitEnd() -> a
    kotlin.reflect.jvm.internal.impl.load.kotlin.KotlinJvmBinaryClass$AnnotationArrayArgumentVisitor visitArray(kotlin.reflect.jvm.internal.impl.name.Name) -> b
    void visit(kotlin.reflect.jvm.internal.impl.name.Name,java.lang.Object) -> c
    void visitClassLiteral(kotlin.reflect.jvm.internal.impl.name.Name,kotlin.reflect.jvm.internal.impl.resolve.constants.ClassLiteralValue) -> d
    void visitEnum(kotlin.reflect.jvm.internal.impl.name.Name,kotlin.reflect.jvm.internal.impl.name.ClassId,kotlin.reflect.jvm.internal.impl.name.Name) -> e
    kotlin.reflect.jvm.internal.impl.load.kotlin.KotlinJvmBinaryClass$AnnotationArgumentVisitor visitAnnotation(kotlin.reflect.jvm.internal.impl.name.Name,kotlin.reflect.jvm.internal.impl.name.ClassId) -> f
kotlin.reflect.jvm.internal.impl.load.kotlin.KotlinJvmBinaryClass$AnnotationArrayArgumentVisitor -> g5.o$b:
    void visitEnd() -> a
    kotlin.reflect.jvm.internal.impl.load.kotlin.KotlinJvmBinaryClass$AnnotationArgumentVisitor visitAnnotation(kotlin.reflect.jvm.internal.impl.name.ClassId) -> b
    void visitEnum(kotlin.reflect.jvm.internal.impl.name.ClassId,kotlin.reflect.jvm.internal.impl.name.Name) -> c
    void visitClassLiteral(kotlin.reflect.jvm.internal.impl.resolve.constants.ClassLiteralValue) -> d
    void visit(java.lang.Object) -> e
kotlin.reflect.jvm.internal.impl.load.kotlin.KotlinJvmBinaryClass$AnnotationVisitor -> g5.o$c:
    void visitEnd() -> a
    kotlin.reflect.jvm.internal.impl.load.kotlin.KotlinJvmBinaryClass$AnnotationArgumentVisitor visitAnnotation(kotlin.reflect.jvm.internal.impl.name.ClassId,kotlin.reflect.jvm.internal.impl.descriptors.SourceElement) -> b