app/build/outputs/mapping/release/usage.txt
com.safestwallet.sw.BuildConfig
com.safestwallet.sw.MainActivity$inlined$sam$i$androidx_navigation_ui_AppBarConfiguration_OnNavigateUpListener$0:
    public final synthetic boolean onNavigateUp()
com.safestwallet.sw.R$color
com.safestwallet.sw.R$id
com.safestwallet.sw.R$layout
com.safestwallet.sw.R$menu
com.safestwallet.sw.R$mipmap
com.safestwallet.sw.R$navigation
com.safestwallet.sw.R$string
com.safestwallet.sw.R$style
com.safestwallet.sw.R
com.safestwallet.sw.SafestWalletApplication:
    public final com.safestwallet.sw.data.AppDatabase getDatabase()
    public final com.safestwallet.sw.blockchain.SolanaClient getSolanaClient()
com.safestwallet.sw.blockchain.AccountManager$Companion:
    public final java.lang.String formatShortAddress(java.lang.String)
com.safestwallet.sw.blockchain.AccountManager:
    public final boolean isValidPublicKey(java.lang.String)
com.safestwallet.sw.blockchain.OtpManager$generateOtp$2
com.safestwallet.sw.blockchain.OtpManager$registerOtpWithSwitchboard$2
com.safestwallet.sw.blockchain.OtpManager$verifyOtp$2
com.safestwallet.sw.blockchain.OtpManager
com.safestwallet.sw.blockchain.SolanaClient$Companion:
    public final java.lang.String getClusterUrl(boolean)
    public static synthetic java.lang.String getClusterUrl$default(com.safestwallet.sw.blockchain.SolanaClient$Companion,boolean,int,java.lang.Object)
com.safestwallet.sw.blockchain.SolanaClient$accountExists$2
com.safestwallet.sw.blockchain.SolanaClient$getVersion$2
com.safestwallet.sw.blockchain.SolanaClient:
    private static final long LAMPORTS_PER_SOL
    public void <init>()
    public final java.lang.Object accountExists(java.lang.String,kotlin.coroutines.Continuation)
    public final java.lang.Object getVersion(kotlin.coroutines.Continuation)
com.safestwallet.sw.data.AppDatabase_Impl:
    public void clearAllTables()
com.safestwallet.sw.data.WalletDao:
    public abstract java.lang.Object deleteWallet(com.safestwallet.sw.data.WalletEntity,kotlin.coroutines.Continuation)
    public abstract java.lang.Object getWalletByIdSync(java.lang.String,kotlin.coroutines.Continuation)
    public abstract java.lang.Object updateWallet(com.safestwallet.sw.data.WalletEntity,kotlin.coroutines.Continuation)
com.safestwallet.sw.data.WalletDao_Impl$10
com.safestwallet.sw.data.WalletDao_Impl$2:
    public void bind(androidx.sqlite.db.SupportSQLiteStatement,com.safestwallet.sw.data.WalletEntity)
    public synthetic bridge void bind(androidx.sqlite.db.SupportSQLiteStatement,java.lang.Object)
com.safestwallet.sw.data.WalletDao_Impl$3:
    public void bind(androidx.sqlite.db.SupportSQLiteStatement,com.safestwallet.sw.data.WalletEntity)
    public synthetic bridge void bind(androidx.sqlite.db.SupportSQLiteStatement,java.lang.Object)
com.safestwallet.sw.data.WalletDao_Impl$5
com.safestwallet.sw.data.WalletDao_Impl$6
com.safestwallet.sw.data.WalletDao_Impl:
    public java.lang.Object deleteWallet(com.safestwallet.sw.data.WalletEntity,kotlin.coroutines.Continuation)
    public java.lang.Object getWalletByIdSync(java.lang.String,kotlin.coroutines.Continuation)
    public java.lang.Object updateWallet(com.safestwallet.sw.data.WalletEntity,kotlin.coroutines.Continuation)
...
org.p2p.solanaj.rpc.types.VoteAccounts$VoteAccountValue
org.p2p.solanaj.rpc.types.VoteAccounts
org.p2p.solanaj.token.TokenManager
org.p2p.solanaj.utils.ByteUtils
org.p2p.solanaj.utils.ShortvecEncoding
org.p2p.solanaj.utils.TweetNaclFast$Box$KeyPair
org.p2p.solanaj.utils.TweetNaclFast$Box
org.p2p.solanaj.utils.TweetNaclFast$Hash
org.p2p.solanaj.utils.TweetNaclFast$ScalarMult
org.p2p.solanaj.utils.TweetNaclFast$SecretBox
org.p2p.solanaj.utils.TweetNaclFast$Signature$KeyPair
org.p2p.solanaj.utils.TweetNaclFast$Signature
org.p2p.solanaj.utils.TweetNaclFast$poly1305
org.p2p.solanaj.utils.TweetNaclFast
org.p2p.solanaj.ws.SignatureNotification
org.p2p.solanaj.ws.SubscriptionWebSocketClient$SubscriptionParams
org.p2p.solanaj.ws.SubscriptionWebSocketClient
org.p2p.solanaj.ws.listeners.AccountNotificationEventListener
org.p2p.solanaj.ws.listeners.LogNotificationEventListener
org.p2p.solanaj.ws.listeners.NotificationEventListener
org.reactivestreams.Processor
org.reactivestreams.Publisher
org.reactivestreams.Subscriber
org.reactivestreams.Subscription
org.slf4j.ILoggerFactory
org.slf4j.IMarkerFactory
org.slf4j.Logger
org.slf4j.LoggerFactory
org.slf4j.MDC$1
org.slf4j.MDC$MDCCloseable
org.slf4j.MDC
org.slf4j.Marker
org.slf4j.MarkerFactory
org.slf4j.event.EventConstants
org.slf4j.event.EventRecodingLogger
org.slf4j.event.Level
org.slf4j.event.LoggingEvent
org.slf4j.event.SubstituteLoggingEvent
org.slf4j.helpers.BasicMDCAdapter$1
org.slf4j.helpers.BasicMDCAdapter
org.slf4j.helpers.BasicMarker
org.slf4j.helpers.BasicMarkerFactory
org.slf4j.helpers.FormattingTuple
org.slf4j.helpers.MarkerIgnoringBase
org.slf4j.helpers.MessageFormatter
org.slf4j.helpers.NOPLogger
org.slf4j.helpers.NOPLoggerFactory
org.slf4j.helpers.NOPMDCAdapter
org.slf4j.helpers.NamedLoggerBase
org.slf4j.helpers.SubstituteLogger
org.slf4j.helpers.SubstituteLoggerFactory
org.slf4j.helpers.Util$1
org.slf4j.helpers.Util$ClassContextSecurityManager
org.slf4j.helpers.Util
org.slf4j.spi.LocationAwareLogger
org.slf4j.spi.LoggerFactoryBinder
org.slf4j.spi.MDCAdapter
org.slf4j.spi.MarkerFactoryBinder
timber.log.R
timber.log.Timber$DebugTree$Companion
timber.log.Timber$DebugTree
timber.log.Timber$Forest:
    public timber.log.Timber$Tree asTree()
    public void d(java.lang.Throwable)
    public varargs void d(java.lang.Throwable,java.lang.String,java.lang.Object[])
    public void e(java.lang.Throwable)
    public final java.util.List forest()
    public void i(java.lang.Throwable)
    public varargs void i(java.lang.Throwable,java.lang.String,java.lang.Object[])
    public varargs void log(int,java.lang.String,java.lang.Object[])
    public void log(int,java.lang.Throwable)
    public varargs void log(int,java.lang.Throwable,java.lang.String,java.lang.Object[])
    public final varargs void plant(timber.log.Timber$Tree[])
    public final timber.log.Timber$Tree tag(java.lang.String)
    public final int treeCount()
    public final void uproot(timber.log.Timber$Tree)
    public final void uprootAll()
    public varargs void v(java.lang.String,java.lang.Object[])
    public void v(java.lang.Throwable)
    public varargs void v(java.lang.Throwable,java.lang.String,java.lang.Object[])
    public varargs void w(java.lang.String,java.lang.Object[])
    public void w(java.lang.Throwable)
    public varargs void w(java.lang.Throwable,java.lang.String,java.lang.Object[])
    public varargs void wtf(java.lang.String,java.lang.Object[])
    public void wtf(java.lang.Throwable)
    public varargs void wtf(java.lang.Throwable,java.lang.String,java.lang.Object[])